----------------
label(L0) :    16(0x0010)
label(LY) :    21(0x0015)
label(LX) :    25(0x0019)
label(LP) :    32(0x0020)
label( X) :    42(0x002a)
label( Y) :    43(0x002b)
label( Z) :    44(0x002c)
label( P) :    45(0x002d)
label( Q) :    46(0x002e)
----------------
// program entry point
// check (M[Y] = 0) ?
L0: 0010 [7400]: CLE           	// E <- 0
    0011 [202b]: LDA 02b   ( Y)	// AC <- M[Y]
    0012 [7004]: SZA           	// (AC == 0) ? skip next
    0013 [4015]: BUN 015   (LY)	// goto LY
    0014 [7001]: HLT           
// M[Y] >>= 1
LY: 0015 [7080]: CIR           	// {AC[15:0], E} <- {E, AC[15:0]}
    0016 [302b]: STA 02b   ( Y)	// M[Y] <- AC
    0017 [7002]: SZE           	// (E == 0) ? skip next
    0018 [4020]: BUN 020   (LP)	// goto LP
// M[X] <<= 1, M[Z] <<= 1
LX: 0019 [202a]: LDA 02a   ( X)	// AC <- M[X]
    001a [7040]: CIL           	// {E, AC[15:0]} <- {AC[15:0], E}
    001b [302a]: STA 02a   ( X)	// M[X] <- AC
    001c [202c]: LDA 02c   ( Z)
    001d [7040]: CIL           
    001e [302c]: STA 02c   ( Z)
    001f [4010]: BUN 010   (L0)	// goto LO
// M[P] += M[X], M[Q] += M[Z]
LP: 0020 [202a]: LDA 02a   ( X)	// AC <- M[X]
    0021 [102d]: ADD 02d   ( P)	// AC <- AC + M[P]
    0022 [302d]: STA 02d   ( P)	// M[P} <- AC
    0023 [202c]: LDA 02c   ( Z)
    0024 [7002]: SZE           
    0025 [7020]: INC           
    0026 [102e]: ADD 02e   ( Q)
    0027 [302e]: STA 02e   ( Q)
    0028 [7400]: CLE           	// E <- 0
    0029 [4019]: BUN 019   (LX)	// goto LX
// data
 X: 002a [ffff]: (   -1:65535)   	// X = -70 --> X:init
 Y: 002b [ffff]: (   -1:65535)   	// Y = -111 --> Y:init
 Z: 002c [0000]: (    0:    0)   	// Z = 0
 P: 002d [0000]: (    0:    0)   	// (init : 0) [Q, P] = [Z, X] * Y : result
 Q: 002e [0000]: (    0:    0)   
----------------
----------------
// data
 X: 002a [ffff]: (   -1:65535)   	// X = -70 --> X:init
 Y: 002b [ffff]: (   -1:65535)   	// Y = -111 --> Y:init
 Z: 002c [0000]: (    0:    0)   	// Z = 0
 P: 002d [0000]: (    0:    0)   	// (init : 0) [Q, P] = [Z, X] * Y : result
 Q: 002e [0000]: (    0:    0)   
